{
  "RSpec": {
    "coverage": {
      "/Users/carltanner/dev/ruby/gems/bravura_template_prime/spec/lib/bravura_template_prime/simple_class_spec.rb": {
        "lines": [
          null,
          1,
          null,
          0,
          0,
          0,
          0,
          0,
          null,
          null,
          null,
          null
        ]
      },
      "/Users/carltanner/dev/ruby/gems/bravura_template_prime/spec/rails_helper.rb": {
        "lines": [
          null,
          1,
          1,
          1,
          null,
          1,
          0,
          null,
          null,
          null,
          null,
          null,
          null,
          null,
          0,
          null,
          0,
          null,
          null,
          0,
          0,
          0,
          0,
          0,
          null
        ]
      },
      "/Users/carltanner/dev/ruby/gems/bravura_template_prime/spec/dummy/config/environment.rb": {
        "lines": [
          null,
          1,
          null,
          null,
          1
        ]
      },
      "/Users/carltanner/dev/ruby/gems/bravura_template_prime/spec/dummy/config/application.rb": {
        "lines": [
          1,
          null,
          1,
          null,
          1,
          1,
          1,
          1,
          1,
          1,
          1,
          1,
          1,
          1,
          null,
          null,
          null,
          null,
          1,
          null,
          1,
          1,
          1,
          null,
          null,
          1,
          null,
          null,
          null,
          null,
          1,
          null,
          null,
          null,
          null,
          null,
          null,
          null,
          null,
          null,
          null,
          1,
          null,
          null
        ]
      },
      "/Users/carltanner/dev/ruby/gems/bravura_template_prime/spec/dummy/config/boot.rb": {
        "lines": [
          null,
          1,
          null,
          1,
          1
        ]
      },
      "/Users/carltanner/dev/ruby/gems/bravura_template_prime/lib/bravura_template_prime.rb": {
        "lines": [
          1,
          1,
          null,
          1,
          null,
          null
        ]
      },
      "/Users/carltanner/dev/ruby/gems/bravura_template_prime/lib/bravura_template_prime/engine.rb": {
        "lines": [
          1,
          1,
          1,
          null,
          1,
          1,
          1,
          1,
          null,
          0,
          null,
          null,
          null,
          null
        ]
      },
      "/Users/carltanner/dev/ruby/gems/bravura_template_prime/spec/dummy/config/environments/test.rb": {
        "lines": [
          1,
          null,
          null,
          null,
          null,
          null,
          null,
          1,
          null,
          null,
          null,
          1,
          null,
          null,
          null,
          null,
          null,
          1,
          null,
          null,
          1,
          null,
          null,
          1,
          1,
          1,
          null,
          null,
          1,
          null,
          null,
          1,
          null,
          null,
          1,
          null,
          null,
          null,
          1,
          null,
          null,
          null,
          null,
          1,
          null,
          null,
          null,
          1,
          null,
          null,
          1,
          null,
          null,
          1,
          null,
          null,
          1,
          null,
          null,
          null,
          null,
          null,
          null,
          null,
          null,
          1,
          null
        ]
      },
      "/Users/carltanner/dev/ruby/gems/bravura_template_prime/spec/dummy/config/initializers/assets.rb": {
        "lines": [
          null,
          null,
          null,
          1,
          null,
          null,
          null,
          null,
          null,
          null,
          null,
          null
        ]
      },
      "/Users/carltanner/dev/ruby/gems/bravura_template_prime/spec/dummy/config/initializers/content_security_policy.rb": {
        "lines": [
          null,
          null,
          null,
          null,
          null,
          null,
          null,
          null,
          null,
          null,
          null,
          null,
          null,
          null,
          null,
          null,
          null,
          null,
          null,
          null,
          null,
          null,
          null,
          null,
          null
        ]
      },
      "/Users/carltanner/dev/ruby/gems/bravura_template_prime/spec/dummy/config/initializers/filter_parameter_logging.rb": {
        "lines": [
          null,
          null,
          null,
          null,
          null,
          1,
          null,
          null
        ]
      },
      "/Users/carltanner/dev/ruby/gems/bravura_template_prime/spec/dummy/config/initializers/inflections.rb": {
        "lines": [
          null,
          null,
          null,
          null,
          null,
          null,
          null,
          null,
          null,
          null,
          null,
          null,
          null,
          null,
          null,
          null
        ]
      },
      "/Users/carltanner/dev/ruby/gems/bravura_template_prime/spec/dummy/config/initializers/permissions_policy.rb": {
        "lines": [
          null,
          null,
          null,
          null,
          null,
          null,
          null,
          null,
          null,
          null,
          null,
          null,
          null
        ]
      },
      "/Users/carltanner/dev/ruby/gems/bravura_template_prime/spec/dummy/config/routes.rb": {
        "lines": [
          1,
          1,
          null
        ]
      },
      "/Users/carltanner/dev/ruby/gems/bravura_template_prime/config/routes.rb": {
        "lines": [
          1,
          null
        ]
      }
    },
    "timestamp": 1721867953
  }
}
